2024-08-05 17:03:59.003 | ERROR    | app.main:startup:37 - Error connecting to database: Failed to connect to database after retries
2024-08-05 17:04:26.279 | INFO     | app.main:shutdown:43 - Database connection closed
2024-08-05 17:04:45.560 | ERROR    | app.main:startup:37 - Error connecting to database: Failed to connect to database after retries
2024-08-05 17:05:11.207 | INFO     | app.main:shutdown:43 - Database connection closed
2024-08-05 17:05:15.055 | INFO     | app.main:startup:35 - Database connection established
2024-08-05 17:05:33.405 | INFO     | app.main:shutdown:43 - Database connection closed
2024-08-05 17:05:53.727 | INFO     | app.main:startup:35 - Database connection established
2024-08-05 17:12:19.731 | INFO     | app.main:startup:35 - Database connection established
2024-08-05 17:15:55.527 | INFO     | app.main:startup:35 - Database connection established
2024-08-05 17:16:51.828 | INFO     | app.main:shutdown:43 - Database connection closed
2024-08-05 17:16:56.034 | INFO     | app.main:startup:35 - Database connection established
2024-08-05 17:18:41.560 | INFO     | app.main:shutdown:43 - Database connection closed
2024-08-05 17:18:50.810 | INFO     | app.main:startup:35 - Database connection established
2024-08-05 17:19:48.818 | INFO     | app.main:shutdown:43 - Database connection closed
2024-08-05 17:19:57.479 | INFO     | app.main:startup:35 - Database connection established
2024-08-05 17:19:59.364 | INFO     | app.main:shutdown:43 - Database connection closed
2024-08-05 17:20:01.206 | INFO     | app.main:startup:35 - Database connection established
2024-08-05 17:20:02.306 | INFO     | app.main:shutdown:43 - Database connection closed
2024-08-05 17:20:04.251 | INFO     | app.main:startup:35 - Database connection established
2024-08-05 17:20:31.857 | INFO     | app.main:shutdown:43 - Database connection closed
2024-08-05 17:20:50.132 | INFO     | app.main:startup:35 - Database connection established
2024-08-05 17:20:50.142 | INFO     | app.main:shutdown:43 - Database connection closed
2024-08-05 17:21:15.057 | INFO     | app.main:startup:35 - Database connection established
2024-08-05 17:21:15.067 | INFO     | app.main:shutdown:43 - Database connection closed
2024-08-05 17:21:33.791 | INFO     | app.main:startup:35 - Database connection established
2024-08-05 17:25:50.902 | INFO     | app.main:startup:35 - Database connection established
2024-08-05 17:30:34.671 | INFO     | app.main:startup:35 - Database connection established
2024-08-05 17:47:38.584 | INFO     | app.main:startup:41 - Database connection established
2024-08-05 17:54:59.850 | INFO     | app.main:shutdown:49 - Database connection closed
2024-08-05 17:55:25.802 | INFO     | app.main:startup:41 - Database connection established
2024-08-05 18:01:54.498 | INFO     | app.main:shutdown:49 - Database connection closed
2024-08-05 18:15:01.339 | INFO     | app.main:startup:42 - Database connection established
2024-08-05 18:15:29.468 | INFO     | app.main:startup:42 - Database connection established
2024-08-06 10:02:39.036 | INFO     | app.main:startup:42 - Database connection established
2024-08-06 10:04:06.950 | INFO     | app.main:shutdown:50 - Database connection closed
2024-08-06 10:04:11.470 | INFO     | app.main:startup:42 - Database connection established
2024-08-06 10:05:10.460 | ERROR    | app.main:startup:44 - Error connecting to database: Failed to connect to database after retries
2024-08-06 10:05:54.756 | INFO     | app.main:startup:42 - Database connection established
2024-08-06 10:31:07.806 | INFO     | app.main:shutdown:50 - Database connection closed
2024-08-06 10:46:23.649 | INFO     | app.main:startup:25 - Database connection established
2024-08-06 10:46:26.544 | INFO     | app.main:shutdown:34 - Database connection closed
2024-08-06 10:46:28.393 | INFO     | app.main:startup:24 - Database connection established
2024-08-06 10:46:28.402 | INFO     | app.main:shutdown:33 - Database connection closed
2024-08-06 10:46:30.281 | INFO     | app.main:startup:25 - Database connection established
2024-08-06 10:46:44.267 | INFO     | app.main:shutdown:34 - Database connection closed
2024-08-06 10:46:46.104 | INFO     | app.main:startup:25 - Database connection established
2024-08-06 10:46:46.113 | INFO     | app.main:shutdown:34 - Database connection closed
2024-08-06 10:46:47.894 | INFO     | app.main:startup:25 - Database connection established
2024-08-06 10:46:50.570 | INFO     | app.main:shutdown:34 - Database connection closed
2024-08-06 10:46:52.423 | INFO     | app.main:startup:25 - Database connection established
2024-08-06 10:46:53.422 | INFO     | app.main:shutdown:34 - Database connection closed
2024-08-06 10:46:55.229 | INFO     | app.main:startup:25 - Database connection established
2024-08-06 10:47:02.004 | INFO     | app.main:shutdown:34 - Database connection closed
2024-08-06 10:47:04.058 | INFO     | app.main:startup:25 - Database connection established
2024-08-06 10:47:08.270 | INFO     | app.main:shutdown:34 - Database connection closed
2024-08-06 10:47:15.338 | INFO     | app.main:startup:25 - Database connection established
2024-08-06 10:47:18.000 | INFO     | app.main:shutdown:34 - Database connection closed
2024-08-06 10:47:20.034 | INFO     | app.main:startup:25 - Database connection established
2024-08-06 10:47:20.044 | INFO     | app.main:shutdown:34 - Database connection closed
2024-08-06 10:47:22.083 | INFO     | app.main:startup:25 - Database connection established
2024-08-06 10:47:26.408 | INFO     | app.main:shutdown:34 - Database connection closed
2024-08-06 10:47:32.637 | INFO     | app.main:startup:25 - Database connection established
2024-08-06 10:47:37.739 | INFO     | app.main:shutdown:34 - Database connection closed
2024-08-06 10:47:39.720 | INFO     | app.main:startup:25 - Database connection established
2024-08-06 10:47:40.720 | INFO     | app.main:shutdown:34 - Database connection closed
2024-08-06 10:47:42.600 | INFO     | app.main:startup:25 - Database connection established
2024-08-06 10:47:42.608 | INFO     | app.main:shutdown:34 - Database connection closed
2024-08-06 10:47:44.726 | INFO     | app.main:startup:25 - Database connection established
2024-08-06 10:47:45.741 | INFO     | app.main:shutdown:34 - Database connection closed
2024-08-06 10:47:50.160 | INFO     | app.main:startup:25 - Database connection established
2024-08-06 10:48:05.145 | INFO     | app.main:shutdown:34 - Database connection closed
2024-08-06 10:48:07.082 | INFO     | app.main:startup:25 - Database connection established
2024-08-06 10:48:11.324 | INFO     | app.main:shutdown:34 - Database connection closed
2024-08-06 10:50:57.016 | INFO     | app.main:startup:25 - Database connection established
2024-08-06 10:51:10.108 | INFO     | app.main:shutdown:34 - Database connection closed
2024-08-06 10:51:41.615 | INFO     | app.main:startup:26 - Database connection established
2024-08-06 10:51:42.168 | INFO     | app.main:shutdown:35 - Database connection closed
2024-08-06 10:51:43.908 | INFO     | app.main:startup:26 - Database connection established
2024-08-06 10:51:51.682 | INFO     | app.main:shutdown:35 - Database connection closed
2024-08-06 10:51:53.599 | INFO     | app.main:startup:25 - Database connection established
2024-08-06 10:51:54.152 | INFO     | app.main:shutdown:34 - Database connection closed
2024-08-06 10:51:55.914 | INFO     | app.main:startup:26 - Database connection established
2024-08-06 10:52:03.583 | INFO     | app.main:shutdown:35 - Database connection closed
2024-08-06 10:52:05.511 | INFO     | app.main:startup:27 - Database connection established
2024-08-06 10:52:05.522 | INFO     | app.main:shutdown:36 - Database connection closed
2024-08-06 10:52:06.928 | ERROR    | app.main:startup:29 - Error connecting to database: greenlet_spawn has not been called; can't call await_only() here. Was IO attempted in an unexpected place? (Background on this error at: https://sqlalche.me/e/20/xd2s)
2024-08-06 10:52:15.812 | INFO     | app.main:shutdown:36 - Database connection closed
2024-08-06 10:52:17.617 | INFO     | app.main:startup:26 - Database connection established
2024-08-06 10:52:17.626 | INFO     | app.main:shutdown:35 - Database connection closed
2024-08-06 10:52:19.438 | INFO     | app.main:startup:27 - Database connection established
2024-08-06 10:52:19.447 | INFO     | app.main:shutdown:36 - Database connection closed
2024-08-06 10:52:21.258 | ERROR    | app.main:startup:29 - Error connecting to database: greenlet_spawn has not been called; can't call await_only() here. Was IO attempted in an unexpected place? (Background on this error at: https://sqlalche.me/e/20/xd2s)
2024-08-06 10:53:00.983 | INFO     | app.main:shutdown:36 - Database connection closed
2024-08-06 10:53:02.773 | INFO     | app.main:startup:26 - Database connection established
2024-08-06 10:53:03.324 | INFO     | app.main:shutdown:35 - Database connection closed
2024-08-06 10:54:33.914 | INFO     | app.main:startup:26 - Database connection established
2024-08-06 10:54:33.926 | INFO     | app.main:shutdown:35 - Database connection closed
2024-08-06 10:54:36.157 | INFO     | app.main:startup:25 - Database connection established
2024-08-06 10:54:39.923 | INFO     | app.main:shutdown:34 - Database connection closed
2024-08-06 10:54:51.751 | INFO     | app.main:startup:25 - Database connection established
2024-08-06 10:55:36.214 | INFO     | app.main:startup:25 - Database connection established
2024-08-06 10:58:03.623 | INFO     | app.main:startup:25 - Database connection established
2024-08-06 11:00:28.749 | INFO     | app.main:shutdown:34 - Database connection closed
2024-08-06 11:02:27.219 | INFO     | app.main:startup:25 - Database connection established
2024-08-06 11:05:37.975 | INFO     | app.main:shutdown:34 - Database connection closed
2024-08-06 11:05:39.839 | INFO     | app.main:startup:25 - Database connection established
2024-08-06 11:06:41.118 | INFO     | app.main:shutdown:34 - Database connection closed
2024-08-06 11:06:42.940 | INFO     | app.main:startup:25 - Database connection established
2024-08-06 11:09:56.461 | INFO     | app.main:shutdown:34 - Database connection closed
2024-08-06 11:09:58.478 | INFO     | app.main:startup:25 - Database connection established
2024-08-06 11:09:59.375 | INFO     | app.main:shutdown:34 - Database connection closed
2024-08-06 11:10:01.429 | INFO     | app.main:startup:25 - Database connection established
2024-08-06 11:10:08.288 | INFO     | app.main:shutdown:34 - Database connection closed
2024-08-06 11:10:10.183 | INFO     | app.main:startup:25 - Database connection established
2024-08-06 11:10:11.968 | INFO     | app.main:shutdown:34 - Database connection closed
2024-08-06 11:10:19.731 | INFO     | app.main:startup:25 - Database connection established
2024-08-06 11:18:06.288 | INFO     | app.main:startup:24 - Database connection established
2024-08-06 11:20:33.053 | INFO     | app.main:shutdown:33 - Database connection closed
2024-08-06 11:28:23.160 | INFO     | app.main:startup:24 - Database connection established
2024-08-06 11:29:05.214 | INFO     | app.main:shutdown:33 - Database connection closed
2024-08-06 11:29:07.059 | INFO     | app.main:startup:24 - Database connection established
2024-08-06 11:29:17.162 | INFO     | app.main:shutdown:33 - Database connection closed
2024-08-06 11:29:19.141 | INFO     | app.main:startup:24 - Database connection established
2024-08-06 11:30:51.253 | INFO     | app.main:shutdown:33 - Database connection closed
2024-08-06 11:30:53.187 | INFO     | app.main:startup:24 - Database connection established
2024-08-06 11:30:56.644 | INFO     | app.main:shutdown:33 - Database connection closed
2024-08-06 11:30:58.413 | INFO     | app.main:startup:24 - Database connection established
2024-08-06 11:40:02.030 | INFO     | app.main:shutdown:33 - Database connection closed
2024-08-06 11:40:04.168 | INFO     | app.main:startup:24 - Database connection established
2024-08-06 11:40:12.612 | INFO     | app.main:shutdown:33 - Database connection closed
2024-08-06 11:40:14.543 | INFO     | app.main:startup:24 - Database connection established
2024-08-06 11:40:14.778 | INFO     | app.main:shutdown:33 - Database connection closed
2024-08-06 11:40:16.679 | INFO     | app.main:startup:24 - Database connection established
2024-08-06 11:40:22.774 | INFO     | app.main:shutdown:33 - Database connection closed
2024-08-06 11:40:24.806 | INFO     | app.main:startup:24 - Database connection established
2024-08-06 11:40:39.224 | INFO     | app.main:shutdown:33 - Database connection closed
2024-08-06 11:40:41.068 | INFO     | app.main:startup:24 - Database connection established
2024-08-06 11:40:42.968 | INFO     | app.main:shutdown:33 - Database connection closed
2024-08-06 11:40:44.859 | INFO     | app.main:startup:24 - Database connection established
2024-08-06 11:40:47.739 | INFO     | app.main:shutdown:33 - Database connection closed
2024-08-06 11:40:49.621 | INFO     | app.main:startup:24 - Database connection established
2024-08-06 11:40:50.727 | INFO     | app.main:shutdown:33 - Database connection closed
2024-08-06 11:40:52.753 | INFO     | app.main:startup:24 - Database connection established
2024-08-06 11:40:52.773 | INFO     | app.main:shutdown:33 - Database connection closed
2024-08-06 11:40:54.847 | INFO     | app.main:startup:24 - Database connection established
2024-08-06 11:40:56.738 | INFO     | app.main:shutdown:33 - Database connection closed
2024-08-06 11:40:58.744 | INFO     | app.main:startup:24 - Database connection established
2024-08-06 11:40:58.972 | INFO     | app.main:shutdown:33 - Database connection closed
2024-08-06 11:41:00.854 | INFO     | app.main:startup:24 - Database connection established
2024-08-06 11:41:05.978 | INFO     | app.main:shutdown:33 - Database connection closed
2024-08-06 11:41:08.040 | INFO     | app.main:startup:24 - Database connection established
2024-08-06 11:43:44.919 | INFO     | app.main:shutdown:33 - Database connection closed
2024-08-06 11:43:54.248 | INFO     | app.main:startup:26 - Database connection established
2024-08-06 11:43:54.257 | INFO     | app.main:shutdown:35 - Database connection closed
2024-08-06 11:43:56.170 | INFO     | app.main:startup:25 - Database connection established
2024-08-06 11:43:56.725 | INFO     | app.main:shutdown:34 - Database connection closed
2024-08-06 11:43:58.814 | INFO     | app.main:startup:24 - Database connection established
2024-08-06 11:45:13.543 | INFO     | app.main:shutdown:33 - Database connection closed
2024-08-06 11:45:15.515 | INFO     | app.main:startup:24 - Database connection established
2024-08-06 11:45:17.633 | INFO     | app.main:shutdown:33 - Database connection closed
2024-08-06 11:45:19.673 | INFO     | app.main:startup:24 - Database connection established
2024-08-06 11:45:25.213 | INFO     | app.main:shutdown:33 - Database connection closed
2024-08-06 11:45:27.181 | INFO     | app.main:startup:24 - Database connection established
2024-08-06 11:45:29.402 | INFO     | app.main:shutdown:32 - Database connection closed
2024-08-06 11:45:31.241 | INFO     | app.main:startup:24 - Database connection established
2024-08-06 11:45:37.779 | INFO     | app.main:shutdown:32 - Database connection closed
2024-08-06 11:45:39.702 | INFO     | app.main:startup:24 - Database connection established
2024-08-06 11:45:54.828 | INFO     | app.main:shutdown:32 - Database connection closed
2024-08-06 11:45:56.616 | INFO     | app.main:startup:25 - Database connection established
2024-08-06 11:46:02.042 | INFO     | app.main:shutdown:33 - Database connection closed
2024-08-06 11:46:05.859 | INFO     | app.main:startup:25 - Database connection established
2024-08-06 11:49:28.721 | INFO     | app.main:shutdown:33 - Database connection closed
2024-08-06 11:49:30.676 | INFO     | app.main:startup:25 - Database connection established
2024-08-06 11:49:50.007 | INFO     | app.main:shutdown:33 - Database connection closed
2024-08-06 11:50:04.034 | INFO     | app.main:startup:25 - Database connection established
2024-08-06 11:50:05.037 | INFO     | app.main:shutdown:33 - Database connection closed
2024-08-06 11:50:06.911 | INFO     | app.main:startup:25 - Database connection established
2024-08-06 11:50:27.222 | INFO     | app.main:shutdown:33 - Database connection closed
2024-08-06 11:50:29.207 | INFO     | app.main:startup:25 - Database connection established
2024-08-06 11:50:29.219 | INFO     | app.main:shutdown:33 - Database connection closed
2024-08-06 11:50:31.095 | INFO     | app.main:startup:25 - Database connection established
2024-08-06 11:50:32.106 | INFO     | app.main:shutdown:33 - Database connection closed
2024-08-06 11:50:33.891 | INFO     | app.main:startup:25 - Database connection established
2024-08-06 11:50:35.790 | INFO     | app.main:shutdown:33 - Database connection closed
2024-08-06 11:50:37.587 | INFO     | app.main:startup:25 - Database connection established
2024-08-06 11:50:37.814 | INFO     | app.main:shutdown:33 - Database connection closed
2024-08-06 11:50:39.670 | INFO     | app.main:startup:25 - Database connection established
2024-08-06 11:50:40.683 | INFO     | app.main:shutdown:33 - Database connection closed
2024-08-06 11:50:42.585 | INFO     | app.main:startup:25 - Database connection established
2024-08-06 11:51:12.963 | INFO     | app.main:shutdown:33 - Database connection closed
2024-08-06 11:51:17.347 | INFO     | app.main:startup:25 - Database connection established
2024-08-06 11:51:27.559 | INFO     | app.main:shutdown:33 - Database connection closed
2024-08-06 11:51:29.414 | INFO     | app.main:startup:25 - Database connection established
2024-08-06 11:53:35.098 | INFO     | app.main:shutdown:33 - Database connection closed
2024-08-06 11:53:37.114 | INFO     | app.main:startup:25 - Database connection established
2024-08-06 11:53:59.840 | INFO     | app.main:shutdown:33 - Database connection closed
2024-08-06 11:54:01.743 | INFO     | app.main:startup:25 - Database connection established
2024-08-06 12:01:32.891 | INFO     | app.main:startup:25 - Database connection established
2024-08-06 12:03:32.841 | INFO     | app.main:shutdown:33 - Database connection closed
2024-08-06 12:03:34.809 | INFO     | app.main:startup:25 - Database connection established
2024-08-06 12:03:43.916 | INFO     | app.main:shutdown:33 - Database connection closed
2024-08-06 12:03:45.782 | INFO     | app.main:startup:25 - Database connection established
2024-08-06 12:04:24.431 | INFO     | app.main:shutdown:33 - Database connection closed
2024-08-06 12:04:26.443 | INFO     | app.main:startup:25 - Database connection established
2024-08-06 12:04:47.108 | INFO     | app.main:shutdown:33 - Database connection closed
2024-08-06 12:05:08.023 | INFO     | app.main:startup:25 - Database connection established
2024-08-06 12:09:27.675 | INFO     | app.main:shutdown:33 - Database connection closed
2024-08-06 12:09:29.693 | INFO     | app.main:startup:25 - Database connection established
2024-08-06 12:09:30.580 | INFO     | app.main:shutdown:33 - Database connection closed
2024-08-06 12:09:32.655 | INFO     | app.main:startup:25 - Database connection established
2024-08-06 12:09:41.076 | INFO     | app.main:shutdown:33 - Database connection closed
2024-08-06 12:09:42.978 | INFO     | app.main:startup:25 - Database connection established
2024-08-06 12:09:48.977 | INFO     | app.main:shutdown:33 - Database connection closed
2024-08-06 12:09:50.774 | INFO     | app.main:startup:25 - Database connection established
2024-08-06 12:10:10.328 | INFO     | app.main:shutdown:33 - Database connection closed
2024-08-06 12:10:21.042 | INFO     | app.main:startup:25 - Database connection established
2024-08-06 12:11:35.519 | INFO     | app.main:startup:25 - Database connection established
2024-08-06 12:13:26.480 | INFO     | app.main:shutdown:33 - Database connection closed
2024-08-06 12:13:28.369 | INFO     | app.main:startup:25 - Database connection established
2024-08-06 12:20:01.847 | INFO     | app.main:startup:25 - Database connection established
2024-08-06 12:23:03.623 | INFO     | app.main:startup:25 - Database connection established
2024-08-06 12:24:41.667 | INFO     | app.main:startup:25 - Database connection established
2024-08-06 12:35:34.892 | INFO     | app.main:shutdown:33 - Database connection closed
2024-08-06 12:35:37.017 | INFO     | app.main:startup:24 - Database connection established
2024-08-06 12:45:00.081 | INFO     | app.main:startup:24 - Database connection established
2024-08-06 12:46:43.081 | INFO     | app.main:startup:24 - Database connection established
2024-08-06 12:54:24.153 | INFO     | app.main:shutdown:32 - Database connection closed
2024-08-06 12:54:27.880 | INFO     | app.main:startup:24 - Database connection established
2024-08-06 12:57:10.626 | INFO     | app.main:shutdown:32 - Database connection closed
2024-08-06 12:57:14.908 | INFO     | app.main:startup:24 - Database connection established
2024-08-06 12:58:48.116 | INFO     | app.main:shutdown:32 - Database connection closed
2024-08-06 12:58:54.362 | INFO     | app.main:startup:24 - Database connection established
2024-08-06 12:59:34.665 | INFO     | app.main:shutdown:32 - Database connection closed
2024-08-06 13:02:01.598 | INFO     | app.main:startup:24 - Database connection established
2024-08-06 13:03:20.238 | INFO     | app.main:shutdown:32 - Database connection closed
2024-08-06 13:03:24.031 | INFO     | app.main:startup:24 - Database connection established
2024-08-06 13:05:46.290 | INFO     | app.main:shutdown:32 - Database connection closed
2024-08-06 13:05:50.090 | INFO     | app.main:startup:24 - Database connection established
2024-08-06 13:06:24.787 | INFO     | app.main:shutdown:32 - Database connection closed
2024-08-06 13:16:15.668 | INFO     | app.main:startup:28 - Database connection established
2024-08-06 13:20:10.695 | INFO     | app.main:shutdown:37 - Database connection closed
2024-08-06 13:21:01.669 | INFO     | app.main:startup:23 - Database connection established
2024-08-06 13:24:43.118 | INFO     | app.main:shutdown:32 - Database connection closed
2024-08-06 13:25:17.169 | INFO     | app.main:startup:23 - Database connection established
2024-08-06 13:26:25.418 | INFO     | app.main:shutdown:32 - Database connection closed
2024-08-06 13:26:29.185 | ERROR    | app.main:startup:26 - Error connecting to database: 'AsyncEngine' object has no attribute '_run_ddl_visitor'
2024-08-06 13:27:10.771 | INFO     | app.main:shutdown:33 - Database connection closed
2024-08-06 13:27:14.637 | ERROR    | app.main:startup:26 - Error connecting to database: 'AsyncEngine' object has no attribute '_run_ddl_visitor'
2024-08-06 13:29:02.952 | INFO     | app.main:shutdown:33 - Database connection closed
2024-08-06 13:29:06.505 | ERROR    | app.main:startup:26 - Error connecting to database: MetaData.create_all() missing 1 required positional argument: 'bind'
2024-08-06 13:29:16.530 | INFO     | app.main:shutdown:33 - Database connection closed
2024-08-06 13:29:22.894 | INFO     | app.main:startup:24 - Database connection established
2024-08-06 13:30:46.176 | INFO     | app.main:shutdown:33 - Database connection closed
2024-08-06 13:30:49.841 | INFO     | app.main:startup:24 - Database connection established
2024-08-06 13:57:30.868 | INFO     | app.main:shutdown:33 - Database connection closed
